  List.cpp
D:\CODE\C++\List\List.h(130,10): error C2679: 二元“!=”: 没有找到接受“InputIterator”类型的右操作数的运算符(或没有可接受的转换)
          with
          [
              InputIterator=guagua::__list_iterator<int,const int &,const int *>
          ]
D:\CODE\C++\List\List.h(71,8): message : 可能是“bool guagua::__list_iterator<T,const T &,const T *>::operator !=(const guagua::__list_iterator<T,T &,T *> &) const”
          with
          [
              T=int
          ]
C:\Program Files\Microsoft Visual Studio\2022\Community\VC\Tools\MSVC\14.37.32822\include\memory(3577,17): message : 或    “bool std::operator !=(std::nullptr_t,const std::unique_ptr<_Ty,_Dx> &) noexcept”
D:\CODE\C++\List\List.h(130,10): message : “bool std::operator !=(std::nullptr_t,const std::unique_ptr<_Ty,_Dx> &) noexcept”: 无法从“InputIterator”推导出“const std::unique_ptr<_Ty,_Dx> &”的 模板 参数
          with
          [
              InputIterator=guagua::__list_iterator<int,const int &,const int *>
          ]
C:\Program Files\Microsoft Visual Studio\2022\Community\VC\Tools\MSVC\14.37.32822\include\memory(3572,17): message : 或    “bool std::operator !=(const std::unique_ptr<_Ty,_Dx> &,std::nullptr_t) noexcept”
D:\CODE\C++\List\List.h(130,10): message : “bool std::operator !=(const std::unique_ptr<_Ty,_Dx> &,std::nullptr_t) noexcept”: 无法从“InputIterator”推导出“const std::unique_ptr<_Ty,_Dx> &”的 模板 参数
          with
          [
              InputIterator=guagua::__list_iterator<int,const int &,const int *>
          ]
C:\Program Files\Microsoft Visual Studio\2022\Community\VC\Tools\MSVC\14.37.32822\include\memory(3519,17): message : 或    “bool std::operator !=(const std::unique_ptr<_Ty,_Dx> &,const std::unique_ptr<_Ty2,_Dx2> &)”
D:\CODE\C++\List\List.h(130,10): message : “bool std::operator !=(const std::unique_ptr<_Ty,_Dx> &,const std::unique_ptr<_Ty2,_Dx2> &)”: 无法从“InputIterator”推导出“const std::unique_ptr<_Ty,_Dx> &”的 模板 参数
          with
          [
              InputIterator=guagua::__list_iterator<int,const int &,const int *>
          ]
C:\Program Files\Microsoft Visual Studio\2022\Community\VC\Tools\MSVC\14.37.32822\include\memory(1942,17): message : 或    “bool std::operator !=(std::nullptr_t,const std::shared_ptr<_Ty> &) noexcept”
D:\CODE\C++\List\List.h(130,10): message : “bool std::operator !=(std::nullptr_t,const std::shared_ptr<_Ty> &) noexcept”: 无法从“InputIterator”推导出“const std::shared_ptr<_Ty> &”的 模板 参数
          with
          [
              InputIterator=guagua::__list_iterator<int,const int &,const int *>
          ]
C:\Program Files\Microsoft Visual Studio\2022\Community\VC\Tools\MSVC\14.37.32822\include\memory(1937,17): message : 或    “bool std::operator !=(const std::shared_ptr<_Ty> &,std::nullptr_t) noexcept”
D:\CODE\C++\List\List.h(130,10): message : “bool std::operator !=(const std::shared_ptr<_Ty> &,std::nullptr_t) noexcept”: 无法从“InputIterator”推导出“const std::shared_ptr<_Ty> &”的 模板 参数
          with
          [
              InputIterator=guagua::__list_iterator<int,const int &,const int *>
          ]
C:\Program Files\Microsoft Visual Studio\2022\Community\VC\Tools\MSVC\14.37.32822\include\memory(1895,17): message : 或    “bool std::operator !=(const std::shared_ptr<_Ty> &,const std::shared_ptr<_Ty0> &) noexcept”
D:\CODE\C++\List\List.h(130,10): message : “bool std::operator !=(const std::shared_ptr<_Ty> &,const std::shared_ptr<_Ty0> &) noexcept”: 无法从“InputIterator”推导出“const std::shared_ptr<_Ty> &”的 模板 参数
          with
          [
              InputIterator=guagua::__list_iterator<int,const int &,const int *>
          ]
C:\Program Files\Microsoft Visual Studio\2022\Community\VC\Tools\MSVC\14.37.32822\include\xstring(5050,17): message : 或    “bool std::operator !=(const std::basic_string<_Elem,_Traits,_Alloc> &,const _Elem *const )”
D:\CODE\C++\List\List.h(130,10): message : “bool std::operator !=(const std::basic_string<_Elem,_Traits,_Alloc> &,const _Elem *const )”: 无法从“InputIterator”推导出“const std::basic_string<_Elem,_Traits,_Alloc> &”的 模板 参数
          with
          [
              InputIterator=guagua::__list_iterator<int,const int &,const int *>
          ]
C:\Program Files\Microsoft Visual Studio\2022\Community\VC\Tools\MSVC\14.37.32822\include\xstring(5045,17): message : 或    “bool std::operator !=(const _Elem *const ,const std::basic_string<_Elem,_Traits,_Alloc> &)”
D:\CODE\C++\List\List.h(130,10): message : “bool std::operator !=(const _Elem *const ,const std::basic_string<_Elem,_Traits,_Alloc> &)”: 无法从“InputIterator”推导出“const _Elem *const ”的 模板 参数
          with
          [
              InputIterator=guagua::__list_iterator<int,const int &,const int *>
          ]
C:\Program Files\Microsoft Visual Studio\2022\Community\VC\Tools\MSVC\14.37.32822\include\xstring(5039,17): message : 或    “bool std::operator !=(const std::basic_string<_Elem,_Traits,_Alloc> &,const std::basic_string<_Elem,_Traits,_Alloc> &) noexcept”
D:\CODE\C++\List\List.h(130,10): message : “bool std::operator !=(const std::basic_string<_Elem,_Traits,_Alloc> &,const std::basic_string<_Elem,_Traits,_Alloc> &) noexcept”: 无法从“InputIterator”推导出“const std::basic_string<_Elem,_Traits,_Alloc> &”的 模板 参数
          with
          [
              InputIterator=guagua::__list_iterator<int,const int &,const int *>
          ]
C:\Program Files\Microsoft Visual Studio\2022\Community\VC\Tools\MSVC\14.37.32822\include\iterator(496,17): message : 或    “bool std::operator !=(const std::istreambuf_iterator<_Elem,_Traits> &,const std::istreambuf_iterator<_Elem,_Traits> &)”
D:\CODE\C++\List\List.h(130,10): message : “bool std::operator !=(const std::istreambuf_iterator<_Elem,_Traits> &,const std::istreambuf_iterator<_Elem,_Traits> &)”: 无法从“InputIterator”推导出“const std::istreambuf_iterator<_Elem,_Traits> &”的 模板 参数
          with
          [
              InputIterator=guagua::__list_iterator<int,const int &,const int *>
          ]
C:\Program Files\Microsoft Visual Studio\2022\Community\VC\Tools\MSVC\14.37.32822\include\iterator(314,17): message : 或    “bool std::operator !=(const std::istream_iterator<_Ty,_Elem,_Traits,_Diff> &,const std::istream_iterator<_Ty,_Elem,_Traits,_Diff> &) noexcept”
D:\CODE\C++\List\List.h(130,10): message : “bool std::operator !=(const std::istream_iterator<_Ty,_Elem,_Traits,_Diff> &,const std::istream_iterator<_Ty,_Elem,_Traits,_Diff> &) noexcept”: 无法从“InputIterator”推导出“const std::istream_iterator<_Ty,_Elem,_Traits,_Diff> &”的 模板 参数
          with
          [
              InputIterator=guagua::__list_iterator<int,const int &,const int *>
          ]
C:\Program Files\Microsoft Visual Studio\2022\Community\VC\Tools\MSVC\14.37.32822\include\xmemory(1040,17): message : 或    “bool std::operator !=(const std::allocator<_Ty> &,const std::allocator<_Other> &) noexcept”
D:\CODE\C++\List\List.h(130,10): message : “bool std::operator !=(const std::allocator<_Ty> &,const std::allocator<_Other> &) noexcept”: 无法从“InputIterator”推导出“const std::allocator<_Ty> &”的 模板 参数
          with
          [
              InputIterator=guagua::__list_iterator<int,const int &,const int *>
          ]
C:\Program Files\Microsoft Visual Studio\2022\Community\VC\Tools\MSVC\14.37.32822\include\xutility(4279,30): message : 或    “bool std::operator !=(const std::move_iterator<_Iter> &,const std::move_iterator<_Iter2> &) noexcept(<expr>)”
D:\CODE\C++\List\List.h(130,10): message : “bool std::operator !=(const std::move_iterator<_Iter> &,const std::move_iterator<_Iter2> &) noexcept(<expr>)”: 无法从“InputIterator”推导出“const std::move_iterator<_Iter> &”的 模板 参数
          with
          [
              InputIterator=guagua::__list_iterator<int,const int &,const int *>
          ]
C:\Program Files\Microsoft Visual Studio\2022\Community\VC\Tools\MSVC\14.37.32822\include\xutility(1671,5): message : 或    “bool std::operator !=(const std::reverse_iterator<_BidIt> &,const std::reverse_iterator<_BidIt2> &) noexcept(<expr>)”
D:\CODE\C++\List\List.h(130,10): message : “bool std::operator !=(const std::reverse_iterator<_BidIt> &,const std::reverse_iterator<_BidIt2> &) noexcept(<expr>)”: 无法从“InputIterator”推导出“const std::reverse_iterator<_BidIt> &”的 模板 参数
          with
          [
              InputIterator=guagua::__list_iterator<int,const int &,const int *>
          ]
C:\Program Files\Microsoft Visual Studio\2022\Community\VC\Tools\MSVC\14.37.32822\include\utility(499,27): message : 或    “bool std::operator !=(const std::pair<_Ty1,_Ty2> &,const std::pair<_Uty1,_Uty2> &)”
D:\CODE\C++\List\List.h(130,10): message : “bool std::operator !=(const std::pair<_Ty1,_Ty2> &,const std::pair<_Uty1,_Uty2> &)”: 无法从“InputIterator”推导出“const std::pair<_Ty1,_Ty2> &”的 模板 参数
          with
          [
              InputIterator=guagua::__list_iterator<int,const int &,const int *>
          ]
D:\CODE\C++\List\List.h(130,10): message : 尝试匹配参数列表“(InputIterator, InputIterator)”时
          with
          [
              InputIterator=guagua::__list_iterator<int,const int &,const int *>
          ]
D:\CODE\C++\List\List.h(148,15): message : 查看对正在编译的函数 模板 实例化“guagua::list<int>::list<guagua::__list_iterator<T,const T &,const T *>>(InputIterator,InputIterator)”的引用
          with
          [
              T=int,
              InputIterator=guagua::__list_iterator<int,const int &,const int *>
          ]
D:\CODE\C++\List\List.h(145,3): message : 在编译 类 模板 成员函数“guagua::list<int>::list(const guagua::list<int> &)”时
D:\CODE\C++\List\List.cpp(13,22): message : 请参阅 "main" 中对 "guagua::list<int>::list" 的第一个引用
D:\CODE\C++\List\List.cpp(12,20): message : 查看对正在编译的 类 模板 实例化“guagua::list<int>”的引用
